# JRE version: Java(TM) SE Runtime Environment (8.0_31-b13) (build 1.8.0_31-b13)
# Java VM: Java HotSpot(TM) Server VM (25.31-b07 mixed mode linux-x86 )
Heap:
 PSYoungGen      total 19200K, used 7254K [0x91f80000, 0x934c0000, 0xa7000000)
  eden space 16640K, 28% used [0x91f80000,0x92418da0,0x92fc0000)
  from space 2560K, 99% used [0x93240000,0x934bcac0,0x934c0000)
  to   space 2560K, 0% used [0x92fc0000,0x92fc0000,0x93240000)
 ParOldGen       total 43776K, used 1606K [0x67e00000, 0x6a8c0000, 0x91f80000)
  object space 43776K, 3% used [0x67e00000,0x67f91b78,0x6a8c0000)
 Metaspace       used 10511K, capacity 10691K, committed 10776K, reserved 11568K
GC Heap History (4 events):
Event: 11,421 GC heap before
{Heap before GC invocations=1 (full 0):
 PSYoungGen      total 19200K, used 16640K [0x91f80000, 0x934c0000, 0xa7000000)
  eden space 16640K, 100% used [0x91f80000,0x92fc0000,0x92fc0000)
  from space 2560K, 0% used [0x93240000,0x93240000,0x934c0000)
  to   space 2560K, 0% used [0x92fc0000,0x92fc0000,0x93240000)
 ParOldGen       total 43776K, used 0K [0x67e00000, 0x6a8c0000, 0x91f80000)
  object space 43776K, 0% used [0x67e00000,0x67e00000,0x6a8c0000)
 Metaspace       used 9679K, capacity 9819K, committed 9880K, reserved 10544K
Event: 11,444 GC heap after
Heap after GC invocations=1 (full 0):
 PSYoungGen      total 19200K, used 2546K [0x91f80000, 0x934c0000, 0xa7000000)
  eden space 16640K, 0% used [0x91f80000,0x91f80000,0x92fc0000)
  from space 2560K, 99% used [0x92fc0000,0x9323cac0,0x93240000)
  to   space 2560K, 0% used [0x93240000,0x93240000,0x934c0000)
 ParOldGen       total 43776K, used 1417K [0x67e00000, 0x6a8c0000, 0x91f80000)
  object space 43776K, 3% used [0x67e00000,0x67f62660,0x6a8c0000)
 Metaspace       used 9679K, capacity 9819K, committed 9880K, reserved 10544K
}
Event: 1878,115 GC heap before
{Heap before GC invocations=2 (full 0):
 PSYoungGen      total 19200K, used 19186K [0x91f80000, 0x934c0000, 0xa7000000)
  eden space 16640K, 100% used [0x91f80000,0x92fc0000,0x92fc0000)
  from space 2560K, 99% used [0x92fc0000,0x9323cac0,0x93240000)
  to   space 2560K, 0% used [0x93240000,0x93240000,0x934c0000)
 ParOldGen       total 43776K, used 1417K [0x67e00000, 0x6a8c0000, 0x91f80000)
  object space 43776K, 3% used [0x67e00000,0x67f62660,0x6a8c0000)
 Metaspace       used 10409K, capacity 10588K, committed 10648K, reserved 11568K
Event: 1878,123 GC heap after
Heap after GC invocations=2 (full 0):
 PSYoungGen      total 19200K, used 2546K [0x91f80000, 0x934c0000, 0xa7000000)
  eden space 16640K, 0% used [0x91f80000,0x91f80000,0x92fc0000)
  from space 2560K, 99% used [0x93240000,0x934bcac0,0x934c0000)
  to   space 2560K, 0% used [0x92fc0000,0x92fc0000,0x93240000)
 ParOldGen       total 43776K, used 1606K [0x67e00000, 0x6a8c0000, 0x91f80000)
  object space 43776K, 3% used [0x67e00000,0x67f91b78,0x6a8c0000)
 Metaspace       used 10409K, capacity 10588K, committed 10648K, reserved 11568K
}

