# JRE version: Java(TM) SE Runtime Environment (8.0_31-b13) (build 1.8.0_31-b13)
# Java VM: Java HotSpot(TM) Server VM (25.31-b07 mixed mode linux-x86 )
Heap:
 PSYoungGen      total 19200K, used 4462K [0x91f80000, 0x934c0000, 0xa7000000)
  eden space 16640K, 11% used [0x91f80000,0x9215d080,0x92fc0000)
  from space 2560K, 99% used [0x93240000,0x934bea70,0x934c0000)
  to   space 2560K, 0% used [0x92fc0000,0x92fc0000,0x93240000)
 ParOldGen       total 43776K, used 1973K [0x67e00000, 0x6a8c0000, 0x91f80000)
  object space 43776K, 4% used [0x67e00000,0x67fed5e0,0x6a8c0000)
 Metaspace       used 10651K, capacity 10821K, committed 10904K, reserved 11568K
GC Heap History (4 events):
Event: 10,437 GC heap before
{Heap before GC invocations=1 (full 0):
 PSYoungGen      total 19200K, used 16640K [0x91f80000, 0x934c0000, 0xa7000000)
  eden space 16640K, 100% used [0x91f80000,0x92fc0000,0x92fc0000)
  from space 2560K, 0% used [0x93240000,0x93240000,0x934c0000)
  to   space 2560K, 0% used [0x92fc0000,0x92fc0000,0x93240000)
 ParOldGen       total 43776K, used 0K [0x67e00000, 0x6a8c0000, 0x91f80000)
  object space 43776K, 0% used [0x67e00000,0x67e00000,0x6a8c0000)
 Metaspace       used 9677K, capacity 9819K, committed 9880K, reserved 10544K
Event: 10,452 GC heap after
Heap after GC invocations=1 (full 0):
 PSYoungGen      total 19200K, used 2554K [0x91f80000, 0x934c0000, 0xa7000000)
  eden space 16640K, 0% used [0x91f80000,0x91f80000,0x92fc0000)
  from space 2560K, 99% used [0x92fc0000,0x9323eab0,0x93240000)
  to   space 2560K, 0% used [0x93240000,0x93240000,0x934c0000)
 ParOldGen       total 43776K, used 1417K [0x67e00000, 0x6a8c0000, 0x91f80000)
  object space 43776K, 3% used [0x67e00000,0x67f624d8,0x6a8c0000)
 Metaspace       used 9677K, capacity 9819K, committed 9880K, reserved 10544K
}
Event: 3796,614 GC heap before
{Heap before GC invocations=2 (full 0):
 PSYoungGen      total 19200K, used 19194K [0x91f80000, 0x934c0000, 0xa7000000)
  eden space 16640K, 100% used [0x91f80000,0x92fc0000,0x92fc0000)
  from space 2560K, 99% used [0x92fc0000,0x9323eab0,0x93240000)
  to   space 2560K, 0% used [0x93240000,0x93240000,0x934c0000)
 ParOldGen       total 43776K, used 1417K [0x67e00000, 0x6a8c0000, 0x91f80000)
  object space 43776K, 3% used [0x67e00000,0x67f624d8,0x6a8c0000)
 Metaspace       used 10608K, capacity 10789K, committed 10904K, reserved 11568K
Event: 3796,624 GC heap after
Heap after GC invocations=2 (full 0):
 PSYoungGen      total 19200K, used 2554K [0x91f80000, 0x934c0000, 0xa7000000)
  eden space 16640K, 0% used [0x91f80000,0x91f80000,0x92fc0000)
  from space 2560K, 99% used [0x93240000,0x934bea70,0x934c0000)
  to   space 2560K, 0% used [0x92fc0000,0x92fc0000,0x93240000)
 ParOldGen       total 43776K, used 1973K [0x67e00000, 0x6a8c0000, 0x91f80000)
  object space 43776K, 4% used [0x67e00000,0x67fed5e0,0x6a8c0000)
 Metaspace       used 10608K, capacity 10789K, committed 10904K, reserved 11568K
}

